{"/Users/maxime/Workspace/prose-reader/packages/reader/src/utils/layout.ts": {"path":"/Users/maxime/Workspace/prose-reader/packages/reader/src/utils/layout.ts","all":false,"statementMap":{"0":{"start":{"line":1,"column":0},"end":{"line":1,"column":36}},"1":{"start":{"line":2,"column":0},"end":{"line":2,"column":11}},"2":{"start":{"line":3,"column":0},"end":{"line":3,"column":11}},"3":{"start":{"line":4,"column":0},"end":{"line":4,"column":13}},"4":{"start":{"line":5,"column":0},"end":{"line":5,"column":14}},"5":{"start":{"line":6,"column":0},"end":{"line":6,"column":4}},"6":{"start":{"line":7,"column":0},"end":{"line":7,"column":20}},"7":{"start":{"line":8,"column":0},"end":{"line":8,"column":18}},"8":{"start":{"line":9,"column":0},"end":{"line":9,"column":22}},"9":{"start":{"line":10,"column":0},"end":{"line":10,"column":18}},"10":{"start":{"line":11,"column":0},"end":{"line":11,"column":18}},"11":{"start":{"line":12,"column":0},"end":{"line":12,"column":7}},"12":{"start":{"line":13,"column":0},"end":{"line":13,"column":83}},"13":{"start":{"line":14,"column":0},"end":{"line":14,"column":85}},"14":{"start":{"line":15,"column":0},"end":{"line":15,"column":45}},"15":{"start":{"line":16,"column":0},"end":{"line":16,"column":59}},"16":{"start":{"line":17,"column":0},"end":{"line":17,"column":0}},"17":{"start":{"line":18,"column":0},"end":{"line":18,"column":74}},"18":{"start":{"line":19,"column":0},"end":{"line":19,"column":1}}},"s":{"0":1,"1":0,"2":0,"3":0,"4":0,"5":0,"6":0,"7":0,"8":0,"9":0,"10":0,"11":0,"12":0,"13":0,"14":0,"15":0,"16":0,"17":0,"18":0},"branchMap":{},"b":{},"fnMap":{"0":{"name":"getNewScaledOffset","decl":{"start":{"line":1,"column":35},"end":{"line":19,"column":1}},"loc":{"start":{"line":1,"column":35},"end":{"line":19,"column":1}},"line":1},"1":{"name":"get","decl":{"start":{"line":19,"column":0},"end":{"line":19,"column":1}},"loc":{"start":{"line":19,"column":0},"end":{"line":19,"column":1}},"line":19}},"f":{"0":0,"1":0}}
,"/Users/maxime/Workspace/prose-reader/packages/reader/src/utils/objects.ts": {"path":"/Users/maxime/Workspace/prose-reader/packages/reader/src/utils/objects.ts","all":false,"statementMap":{"0":{"start":{"line":1,"column":0},"end":{"line":1,"column":17}},"1":{"start":{"line":2,"column":0},"end":{"line":2,"column":46}},"2":{"start":{"line":3,"column":0},"end":{"line":3,"column":0}},"3":{"start":{"line":4,"column":0},"end":{"line":4,"column":21}},"4":{"start":{"line":5,"column":0},"end":{"line":5,"column":48}},"5":{"start":{"line":6,"column":0},"end":{"line":6,"column":16}},"6":{"start":{"line":7,"column":0},"end":{"line":7,"column":48}},"7":{"start":{"line":8,"column":0},"end":{"line":8,"column":10}},"8":{"start":{"line":9,"column":0},"end":{"line":9,"column":16}},"9":{"start":{"line":10,"column":0},"end":{"line":10,"column":3}},"10":{"start":{"line":11,"column":0},"end":{"line":11,"column":1}},"11":{"start":{"line":12,"column":0},"end":{"line":12,"column":0}},"12":{"start":{"line":13,"column":0},"end":{"line":13,"column":3}},"13":{"start":{"line":14,"column":0},"end":{"line":14,"column":59}},"14":{"start":{"line":15,"column":0},"end":{"line":15,"column":50}},"15":{"start":{"line":16,"column":0},"end":{"line":16,"column":34}},"16":{"start":{"line":17,"column":0},"end":{"line":17,"column":16}},"17":{"start":{"line":18,"column":0},"end":{"line":18,"column":2}},"18":{"start":{"line":19,"column":0},"end":{"line":19,"column":11}},"19":{"start":{"line":20,"column":0},"end":{"line":20,"column":2}},"20":{"start":{"line":21,"column":0},"end":{"line":21,"column":87}},"21":{"start":{"line":22,"column":0},"end":{"line":22,"column":92}},"22":{"start":{"line":23,"column":0},"end":{"line":23,"column":3}},"23":{"start":{"line":24,"column":0},"end":{"line":24,"column":49}},"24":{"start":{"line":25,"column":0},"end":{"line":25,"column":13}},"25":{"start":{"line":26,"column":0},"end":{"line":26,"column":13}},"26":{"start":{"line":27,"column":0},"end":{"line":27,"column":13}},"27":{"start":{"line":28,"column":0},"end":{"line":28,"column":44}},"28":{"start":{"line":29,"column":0},"end":{"line":29,"column":3}},"29":{"start":{"line":30,"column":0},"end":{"line":30,"column":15}},"30":{"start":{"line":31,"column":0},"end":{"line":31,"column":15}},"31":{"start":{"line":32,"column":0},"end":{"line":32,"column":28}},"32":{"start":{"line":33,"column":0},"end":{"line":33,"column":15}},"33":{"start":{"line":34,"column":0},"end":{"line":34,"column":3}},"34":{"start":{"line":35,"column":0},"end":{"line":35,"column":56}},"35":{"start":{"line":36,"column":0},"end":{"line":36,"column":16}},"36":{"start":{"line":37,"column":0},"end":{"line":37,"column":3}},"37":{"start":{"line":38,"column":0},"end":{"line":38,"column":56}},"38":{"start":{"line":39,"column":0},"end":{"line":39,"column":16}},"39":{"start":{"line":40,"column":0},"end":{"line":40,"column":3}},"40":{"start":{"line":41,"column":0},"end":{"line":41,"column":0}},"41":{"start":{"line":42,"column":0},"end":{"line":42,"column":36}},"42":{"start":{"line":43,"column":0},"end":{"line":43,"column":36}},"43":{"start":{"line":44,"column":0},"end":{"line":44,"column":0}},"44":{"start":{"line":45,"column":0},"end":{"line":45,"column":38}},"45":{"start":{"line":46,"column":0},"end":{"line":46,"column":16}},"46":{"start":{"line":47,"column":0},"end":{"line":47,"column":3}},"47":{"start":{"line":48,"column":0},"end":{"line":48,"column":0}},"48":{"start":{"line":49,"column":0},"end":{"line":49,"column":97}},"49":{"start":{"line":50,"column":0},"end":{"line":50,"column":0}},"50":{"start":{"line":51,"column":0},"end":{"line":51,"column":42}},"51":{"start":{"line":52,"column":0},"end":{"line":52,"column":30}},"52":{"start":{"line":53,"column":0},"end":{"line":53,"column":17}},"53":{"start":{"line":54,"column":0},"end":{"line":54,"column":77}},"54":{"start":{"line":55,"column":0},"end":{"line":55,"column":18}},"55":{"start":{"line":56,"column":0},"end":{"line":56,"column":5}},"56":{"start":{"line":57,"column":0},"end":{"line":57,"column":3}},"57":{"start":{"line":58,"column":0},"end":{"line":58,"column":0}},"58":{"start":{"line":59,"column":0},"end":{"line":59,"column":13}},"59":{"start":{"line":60,"column":0},"end":{"line":60,"column":1}},"60":{"start":{"line":61,"column":0},"end":{"line":61,"column":0}},"61":{"start":{"line":62,"column":0},"end":{"line":62,"column":85}},"62":{"start":{"line":63,"column":0},"end":{"line":63,"column":42}},"63":{"start":{"line":64,"column":0},"end":{"line":64,"column":37}},"64":{"start":{"line":65,"column":0},"end":{"line":65,"column":46}},"65":{"start":{"line":66,"column":0},"end":{"line":66,"column":37}},"66":{"start":{"line":67,"column":0},"end":{"line":67,"column":19}},"67":{"start":{"line":68,"column":0},"end":{"line":68,"column":26}},"68":{"start":{"line":69,"column":0},"end":{"line":69,"column":0}},"69":{"start":{"line":70,"column":0},"end":{"line":70,"column":50}},"70":{"start":{"line":71,"column":0},"end":{"line":71,"column":33}},"71":{"start":{"line":72,"column":0},"end":{"line":72,"column":0}},"72":{"start":{"line":73,"column":0},"end":{"line":73,"column":43}},"73":{"start":{"line":74,"column":0},"end":{"line":74,"column":28}},"74":{"start":{"line":75,"column":0},"end":{"line":75,"column":13}},"75":{"start":{"line":76,"column":0},"end":{"line":76,"column":19}},"76":{"start":{"line":77,"column":0},"end":{"line":77,"column":40}},"77":{"start":{"line":78,"column":0},"end":{"line":78,"column":8}},"78":{"start":{"line":79,"column":0},"end":{"line":79,"column":11}},"79":{"start":{"line":80,"column":0},"end":{"line":80,"column":5}},"80":{"start":{"line":81,"column":0},"end":{"line":81,"column":0}},"81":{"start":{"line":82,"column":0},"end":{"line":82,"column":30}},"82":{"start":{"line":83,"column":0},"end":{"line":83,"column":4}},"83":{"start":{"line":84,"column":0},"end":{"line":84,"column":1}}},"s":{"0":1,"1":1,"2":1,"3":1,"4":1,"5":12,"6":8,"7":12,"8":4,"9":4,"10":0,"11":1,"12":1,"13":1,"14":1,"15":1,"16":1,"17":1,"18":1,"19":1,"20":1,"21":1,"22":1,"23":1,"24":13,"25":13,"26":13,"27":13,"28":13,"29":13,"30":13,"31":13,"32":1,"33":1,"34":13,"35":1,"36":1,"37":13,"38":1,"39":1,"40":10,"41":10,"42":10,"43":10,"44":13,"45":2,"46":2,"47":8,"48":13,"49":13,"50":13,"51":12,"52":12,"53":12,"54":4,"55":4,"56":12,"57":4,"58":4,"59":13,"60":1,"61":1,"62":0,"63":0,"64":0,"65":0,"66":0,"67":0,"68":1,"69":1,"70":0,"71":0,"72":0,"73":0,"74":0,"75":0,"76":0,"77":0,"78":0,"79":0,"80":0,"81":0,"82":0,"83":0},"branchMap":{"0":{"type":"branch","line":5,"loc":{"start":{"line":5,"column":18},"end":{"line":11,"column":1}},"locations":[{"start":{"line":5,"column":18},"end":{"line":11,"column":1}}]},"1":{"type":"branch","line":6,"loc":{"start":{"line":6,"column":15},"end":{"line":8,"column":9}},"locations":[{"start":{"line":6,"column":15},"end":{"line":8,"column":9}}]},"2":{"type":"branch","line":7,"loc":{"start":{"line":7,"column":17},"end":{"line":7,"column":33}},"locations":[{"start":{"line":7,"column":17},"end":{"line":7,"column":33}}]},"3":{"type":"branch","line":7,"loc":{"start":{"line":7,"column":28},"end":{"line":7,"column":48}},"locations":[{"start":{"line":7,"column":28},"end":{"line":7,"column":48}}]},"4":{"type":"branch","line":8,"loc":{"start":{"line":8,"column":2},"end":{"line":10,"column":3}},"locations":[{"start":{"line":8,"column":2},"end":{"line":10,"column":3}}]},"5":{"type":"branch","line":24,"loc":{"start":{"line":24,"column":30},"end":{"line":60,"column":1}},"locations":[{"start":{"line":24,"column":30},"end":{"line":60,"column":1}}]},"6":{"type":"branch","line":32,"loc":{"start":{"line":32,"column":27},"end":{"line":34,"column":3}},"locations":[{"start":{"line":32,"column":27},"end":{"line":34,"column":3}}]},"7":{"type":"branch","line":34,"loc":{"start":{"line":34,"column":2},"end":{"line":35,"column":55}},"locations":[{"start":{"line":34,"column":2},"end":{"line":35,"column":55}}]},"8":{"type":"branch","line":35,"loc":{"start":{"line":35,"column":55},"end":{"line":37,"column":3}},"locations":[{"start":{"line":35,"column":55},"end":{"line":37,"column":3}}]},"9":{"type":"branch","line":37,"loc":{"start":{"line":37,"column":2},"end":{"line":38,"column":55}},"locations":[{"start":{"line":37,"column":2},"end":{"line":38,"column":55}}]},"10":{"type":"branch","line":38,"loc":{"start":{"line":38,"column":55},"end":{"line":40,"column":3}},"locations":[{"start":{"line":38,"column":55},"end":{"line":40,"column":3}}]},"11":{"type":"branch","line":40,"loc":{"start":{"line":40,"column":2},"end":{"line":45,"column":37}},"locations":[{"start":{"line":40,"column":2},"end":{"line":45,"column":37}}]},"12":{"type":"branch","line":45,"loc":{"start":{"line":45,"column":37},"end":{"line":47,"column":3}},"locations":[{"start":{"line":45,"column":37},"end":{"line":47,"column":3}}]},"13":{"type":"branch","line":47,"loc":{"start":{"line":47,"column":2},"end":{"line":49,"column":29}},"locations":[{"start":{"line":47,"column":2},"end":{"line":49,"column":29}}]},"14":{"type":"branch","line":49,"loc":{"start":{"line":49,"column":18},"end":{"line":49,"column":73}},"locations":[{"start":{"line":49,"column":18},"end":{"line":49,"column":73}}]},"15":{"type":"branch","line":49,"loc":{"start":{"line":49,"column":60},"end":{"line":49,"column":95}},"locations":[{"start":{"line":49,"column":60},"end":{"line":49,"column":95}}]},"16":{"type":"branch","line":49,"loc":{"start":{"line":49,"column":81},"end":{"line":49,"column":97}},"locations":[{"start":{"line":49,"column":81},"end":{"line":49,"column":97}}]},"17":{"type":"branch","line":51,"loc":{"start":{"line":51,"column":41},"end":{"line":57,"column":3}},"locations":[{"start":{"line":51,"column":41},"end":{"line":57,"column":3}}]},"18":{"type":"branch","line":52,"loc":{"start":{"line":52,"column":22},"end":{"line":52,"column":30}},"locations":[{"start":{"line":52,"column":22},"end":{"line":52,"column":30}}]},"19":{"type":"branch","line":54,"loc":{"start":{"line":54,"column":76},"end":{"line":56,"column":5}},"locations":[{"start":{"line":54,"column":76},"end":{"line":56,"column":5}}]},"20":{"type":"branch","line":57,"loc":{"start":{"line":57,"column":2},"end":{"line":60,"column":1}},"locations":[{"start":{"line":57,"column":2},"end":{"line":60,"column":1}}]},"21":{"type":"branch","line":60,"loc":{"start":{"line":60,"column":0},"end":{"line":60,"column":1}},"locations":[{"start":{"line":60,"column":0},"end":{"line":60,"column":1}}]}},"b":{"0":[12],"1":[8],"2":[3],"3":[3],"4":[4],"5":[13],"6":[1],"7":[12],"8":[1],"9":[11],"10":[1],"11":[10],"12":[2],"13":[8],"14":[0],"15":[0],"16":[8],"17":[12],"18":[0],"19":[4],"20":[4],"21":[13]},"fnMap":{"0":{"name":"is","decl":{"start":{"line":5,"column":18},"end":{"line":11,"column":1}},"loc":{"start":{"line":5,"column":18},"end":{"line":11,"column":1}},"line":5},"1":{"name":"get","decl":{"start":{"line":11,"column":0},"end":{"line":11,"column":1}},"loc":{"start":{"line":11,"column":0},"end":{"line":11,"column":1}},"line":11},"2":{"name":"isShallowEqual","decl":{"start":{"line":24,"column":30},"end":{"line":60,"column":1}},"loc":{"start":{"line":24,"column":30},"end":{"line":60,"column":1}},"line":24},"3":{"name":"get","decl":{"start":{"line":60,"column":0},"end":{"line":60,"column":1}},"loc":{"start":{"line":60,"column":0},"end":{"line":60,"column":1}},"line":60},"4":{"name":"groupBy","decl":{"start":{"line":62,"column":23},"end":{"line":68,"column":26}},"loc":{"start":{"line":62,"column":23},"end":{"line":68,"column":26}},"line":62},"5":{"name":"get","decl":{"start":{"line":68,"column":25},"end":{"line":68,"column":26}},"loc":{"start":{"line":68,"column":25},"end":{"line":68,"column":26}},"line":68},"6":{"name":"getBase64FromBlob","decl":{"start":{"line":70,"column":33},"end":{"line":84,"column":1}},"loc":{"start":{"line":70,"column":33},"end":{"line":84,"column":1}},"line":70},"7":{"name":"get","decl":{"start":{"line":84,"column":0},"end":{"line":84,"column":1}},"loc":{"start":{"line":84,"column":0},"end":{"line":84,"column":1}},"line":84}},"f":{"0":12,"1":0,"2":13,"3":13,"4":0,"5":0,"6":0,"7":0}}
}
